[debug] [2025-08-02T15:43:23.954Z] ----------------------------------------------------------------------
[debug] [2025-08-02T15:43:23.958Z] Command:       /opt/homebrew/Cellar/node/24.2.0/bin/node /opt/homebrew/bin/firebase init hosting
[debug] [2025-08-02T15:43:23.958Z] CLI Version:   14.11.2
[debug] [2025-08-02T15:43:23.958Z] Platform:      darwin
[debug] [2025-08-02T15:43:23.959Z] Node Version:  v24.2.0
[debug] [2025-08-02T15:43:23.959Z] Time:          Sat Aug 02 2025 16:43:23 GMT+0100 (Irish Standard Time)
[debug] [2025-08-02T15:43:23.959Z] ----------------------------------------------------------------------
[debug] 
[debug] [2025-08-02T15:43:23.961Z] > command requires scopes: ["email","openid","https://www.googleapis.com/auth/cloudplatformprojects.readonly","https://www.googleapis.com/auth/firebase","https://www.googleapis.com/auth/cloud-platform"]
[debug] [2025-08-02T15:43:23.961Z] > authorizing via signed-in user (deepak.python0581@gmail.com)
[info] 
     ######## #### ########  ######## ########     ###     ######  ########
     ##        ##  ##     ## ##       ##     ##  ##   ##  ##       ##
     ######    ##  ########  ######   ########  #########  ######  ######
     ##        ##  ##    ##  ##       ##     ## ##     ##       ## ##
     ##       #### ##     ## ######## ########  ##     ##  ######  ########

You're about to initialize a Firebase project in this directory:

  /Users/deepak/Desktop/energyflow-app

[info] 
=== Project Setup
[info] 
[info] First, let's associate this project directory with a Firebase project.
[info] You can create multiple project aliases by running firebase use --add, 
[info] but for now we'll just set up a default project.
[info] 
[debug] [2025-08-02T15:43:51.642Z] Checked if tokens are valid: true, expires at: 1754152975606
[debug] [2025-08-02T15:43:51.643Z] Checked if tokens are valid: true, expires at: 1754152975606
[debug] [2025-08-02T15:43:51.645Z] >>> [apiv2][query] GET https://firebase.googleapis.com/v1beta1/projects pageSize=100
[debug] [2025-08-02T15:44:21.656Z] *** [apiv2] error from fetch(https://firebase.googleapis.com/v1beta1/projects?pageSize=100, {"headers":{},"method":"GET","signal":{}}): AbortError: The user aborted a request.
[debug] [2025-08-02T15:44:21.660Z] Timeout reached making request to https://firebase.googleapis.com/v1beta1/projects?pageSize=100
[debug] [2025-08-02T15:44:22.753Z] FirebaseError: Timeout reached making request to https://firebase.googleapis.com/v1beta1/projects?pageSize=100
    at RetryOperation._fn (/opt/homebrew/lib/node_modules/firebase-tools/lib/apiv2.js:257:35)
    at process.processTicksAndRejections (node:internal/process/task_queues:105:5)
[error] 
[error] Error: Failed to list Firebase projects. See firebase-debug.log for more info.
